<?xml version="1.0" encoding="UTF-8" ?>
<testsuite failures="0" time="1.93" errors="0" skipped="0" tests="2" name="com.epidataconsulting.metrics.common.MetricServiceTest">
  <properties>
    <property name="java.runtime.name" value="Java(TM) SE Runtime Environment"/>
    <property name="sun.boot.library.path" value="C:\Archivos de programa\Java\jdk1.6.0_21\jre\bin"/>
    <property name="java.vm.version" value="17.0-b17"/>
    <property name="java.vm.vendor" value="Sun Microsystems Inc."/>
    <property name="java.vendor.url" value="http://java.sun.com/"/>
    <property name="path.separator" value=";"/>
    <property name="java.vm.name" value="Java HotSpot(TM) Client VM"/>
    <property name="file.encoding.pkg" value="sun.io"/>
    <property name="user.country" value="AR"/>
    <property name="sun.java.launcher" value="SUN_STANDARD"/>
    <property name="sun.os.patch.level" value="Service Pack 3"/>
    <property name="java.vm.specification.name" value="Java Virtual Machine Specification"/>
    <property name="user.dir" value="C:\Programas\Proyectos\metrics\metrics-common"/>
    <property name="java.runtime.version" value="1.6.0_21-b07"/>
    <property name="java.awt.graphicsenv" value="sun.awt.Win32GraphicsEnvironment"/>
    <property name="basedir" value="C:\Programas\Proyectos\metrics\metrics-common"/>
    <property name="java.endorsed.dirs" value="C:\Archivos de programa\Java\jdk1.6.0_21\jre\lib\endorsed"/>
    <property name="os.arch" value="x86"/>
    <property name="surefire.real.class.path" value="C:\Windows\Temp\surefirebooter5700091203961430538.jar"/>
    <property name="java.io.tmpdir" value="C:\Windows\Temp\"/>
    <property name="line.separator" value="
"/>
    <property name="java.vm.specification.vendor" value="Sun Microsystems Inc."/>
    <property name="user.variant" value=""/>
    <property name="os.name" value="Windows XP"/>
    <property name="sun.jnu.encoding" value="Cp1252"/>
    <property name="java.library.path" value="C:\Archivos de programa\Java\jdk1.6.0_21\jre\bin;.;C:\WINDOWS\Sun\Java\bin;C:\WINDOWS\system32;C:\WINDOWS;C:\Archivos de programa\Java\jdk1.6.0_21\bin;C:\WINDOWS\system32;C:\WINDOWS;C:\WINDOWS\System32\Wbem;C:\Archivos de programa\TortoiseSVN\bin;C:\Archivos de programa\Java\jdk1.6.0_21\bin;C:\WINDOWS\system32;C:\WINDOWS;C:\WINDOWS\System32\Wbem;C:\Archivos de programa\TortoiseSVN\bin;&quot;C:\Documents and Settings\Administrador\Escritorio\Metrics\FrameWorks\apache-maven-2.2.1\bin&quot;;C:\Archivos de programa\Java\jdk1.6.0_21\bin;C:\Documents and Settings\Administrador\.m2\repository;C:\Documents and Settings\Administrador\Escritorio\Metrics\FrameWorks\apache-ant-1.7.1\bin;"/>
    <property name="surefire.test.class.path" value="C:\Programas\Proyectos\metrics\metrics-common\target\test-classes;C:\Programas\Proyectos\metrics\metrics-common\target\classes;C:\Documents and Settings\Administrador\.m2\repository\junit\junit\4.8.2\junit-4.8.2.jar;C:\Documents and Settings\Administrador\.m2\repository\cglib\cglib-nodep\2.2\cglib-nodep-2.2.jar;C:\Documents and Settings\Administrador\.m2\repository\org\hibernate\hibernate-annotations\3.4.0.GA\hibernate-annotations-3.4.0.GA.jar;C:\Documents and Settings\Administrador\.m2\repository\org\hibernate\ejb3-persistence\1.0.2.GA\ejb3-persistence-1.0.2.GA.jar;C:\Documents and Settings\Administrador\.m2\repository\org\hibernate\hibernate-commons-annotations\3.1.0.GA\hibernate-commons-annotations-3.1.0.GA.jar;C:\Documents and Settings\Administrador\.m2\repository\org\slf4j\slf4j-api\1.4.2\slf4j-api-1.4.2.jar;C:\Documents and Settings\Administrador\.m2\repository\org\hibernate\hibernate-core\3.3.0.SP1\hibernate-core-3.3.0.SP1.jar;C:\Documents and Settings\Administrador\.m2\repository\antlr\antlr\2.7.6\antlr-2.7.6.jar;C:\Documents and Settings\Administrador\.m2\repository\commons-collections\commons-collections\3.1\commons-collections-3.1.jar;C:\Documents and Settings\Administrador\.m2\repository\dom4j\dom4j\1.6.1\dom4j-1.6.1.jar;C:\Documents and Settings\Administrador\.m2\repository\xml-apis\xml-apis\1.0.b2\xml-apis-1.0.b2.jar;C:\Documents and Settings\Administrador\.m2\repository\javax\transaction\jta\1.1\jta-1.1.jar;C:\Documents and Settings\Administrador\.m2\repository\org\springframework\spring-core\3.0.5.RELEASE\spring-core-3.0.5.RELEASE.jar;C:\Documents and Settings\Administrador\.m2\repository\org\springframework\spring-asm\3.0.5.RELEASE\spring-asm-3.0.5.RELEASE.jar;C:\Documents and Settings\Administrador\.m2\repository\commons-logging\commons-logging\1.1.1\commons-logging-1.1.1.jar;C:\Documents and Settings\Administrador\.m2\repository\org\springframework\spring-beans\3.0.5.RELEASE\spring-beans-3.0.5.RELEASE.jar;C:\Documents and Settings\Administrador\.m2\repository\org\springframework\spring-webmvc\3.0.5.RELEASE\spring-webmvc-3.0.5.RELEASE.jar;C:\Documents and Settings\Administrador\.m2\repository\org\springframework\spring-context\3.0.5.RELEASE\spring-context-3.0.5.RELEASE.jar;C:\Documents and Settings\Administrador\.m2\repository\org\springframework\spring-aop\3.0.5.RELEASE\spring-aop-3.0.5.RELEASE.jar;C:\Documents and Settings\Administrador\.m2\repository\aopalliance\aopalliance\1.0\aopalliance-1.0.jar;C:\Documents and Settings\Administrador\.m2\repository\org\springframework\spring-expression\3.0.5.RELEASE\spring-expression-3.0.5.RELEASE.jar;C:\Documents and Settings\Administrador\.m2\repository\org\springframework\spring-context-support\3.0.5.RELEASE\spring-context-support-3.0.5.RELEASE.jar;C:\Documents and Settings\Administrador\.m2\repository\org\springframework\spring-web\3.0.5.RELEASE\spring-web-3.0.5.RELEASE.jar;C:\Documents and Settings\Administrador\.m2\repository\org\springframework\spring-orm\3.0.5.RELEASE\spring-orm-3.0.5.RELEASE.jar;C:\Documents and Settings\Administrador\.m2\repository\org\springframework\spring-jdbc\3.0.5.RELEASE\spring-jdbc-3.0.5.RELEASE.jar;C:\Documents and Settings\Administrador\.m2\repository\org\springframework\spring-tx\3.0.5.RELEASE\spring-tx-3.0.5.RELEASE.jar;C:\Documents and Settings\Administrador\.m2\repository\org\springframework\flex\spring-flex\1.0.3.RELEASE\spring-flex-1.0.3.RELEASE.jar;C:\Documents and Settings\Administrador\.m2\repository\backport-util-concurrent\backport-util-concurrent\2.2\backport-util-concurrent-2.2.jar;C:\Documents and Settings\Administrador\.m2\repository\commons-httpclient\commons-httpclient\3.1\commons-httpclient-3.1.jar;C:\Documents and Settings\Administrador\.m2\repository\commons-codec\commons-codec\1.2\commons-codec-1.2.jar;C:\Documents and Settings\Administrador\.m2\repository\com\adobe\blazeds\blazeds-core\3.2.0.3978\blazeds-core-3.2.0.3978.jar;C:\Documents and Settings\Administrador\.m2\repository\com\adobe\blazeds\blazeds-common\3.2.0.3978\blazeds-common-3.2.0.3978.jar;C:\Documents and Settings\Administrador\.m2\repository\com\adobe\blazeds\blazeds-proxy\3.2.0.3978\blazeds-proxy-3.2.0.3978.jar;C:\Documents and Settings\Administrador\.m2\repository\com\adobe\blazeds\blazeds-remoting\3.2.0.3978\blazeds-remoting-3.2.0.3978.jar;C:\Documents and Settings\Administrador\.m2\repository\commons-dbcp\commons-dbcp\1.4\commons-dbcp-1.4.jar;C:\Documents and Settings\Administrador\.m2\repository\commons-pool\commons-pool\1.5.4\commons-pool-1.5.4.jar;C:\Documents and Settings\Administrador\.m2\repository\org\slf4j\slf4j-simple\1.4.2\slf4j-simple-1.4.2.jar;C:\Documents and Settings\Administrador\.m2\repository\com\adobe\blazeds\blazeds-opt\3.2.0.3978\blazeds-opt-3.2.0.3978.jar;C:\Documents and Settings\Administrador\.m2\repository\javassist\javassist\3.12.0.GA\javassist-3.12.0.GA.jar;C:\Documents and Settings\Administrador\.m2\repository\org\springframework\spring-test\3.0.5.RELEASE\spring-test-3.0.5.RELEASE.jar;C:\Documents and Settings\Administrador\.m2\repository\mysql\mysql-connector-java\5.1.15\mysql-connector-java-5.1.15.jar;"/>
    <property name="java.specification.name" value="Java Platform API Specification"/>
    <property name="java.class.version" value="50.0"/>
    <property name="sun.management.compiler" value="HotSpot Client Compiler"/>
    <property name="os.version" value="5.1"/>
    <property name="user.home" value="C:\Documents and Settings\Administrador"/>
    <property name="user.timezone" value="GMT"/>
    <property name="java.awt.printerjob" value="sun.awt.windows.WPrinterJob"/>
    <property name="java.specification.version" value="1.6"/>
    <property name="file.encoding" value="Cp1252"/>
    <property name="user.name" value="Administrador"/>
    <property name="java.class.path" value="C:\Programas\Proyectos\metrics\metrics-common\target\test-classes;C:\Programas\Proyectos\metrics\metrics-common\target\classes;C:\Documents and Settings\Administrador\.m2\repository\junit\junit\4.8.2\junit-4.8.2.jar;C:\Documents and Settings\Administrador\.m2\repository\cglib\cglib-nodep\2.2\cglib-nodep-2.2.jar;C:\Documents and Settings\Administrador\.m2\repository\org\hibernate\hibernate-annotations\3.4.0.GA\hibernate-annotations-3.4.0.GA.jar;C:\Documents and Settings\Administrador\.m2\repository\org\hibernate\ejb3-persistence\1.0.2.GA\ejb3-persistence-1.0.2.GA.jar;C:\Documents and Settings\Administrador\.m2\repository\org\hibernate\hibernate-commons-annotations\3.1.0.GA\hibernate-commons-annotations-3.1.0.GA.jar;C:\Documents and Settings\Administrador\.m2\repository\org\slf4j\slf4j-api\1.4.2\slf4j-api-1.4.2.jar;C:\Documents and Settings\Administrador\.m2\repository\org\hibernate\hibernate-core\3.3.0.SP1\hibernate-core-3.3.0.SP1.jar;C:\Documents and Settings\Administrador\.m2\repository\antlr\antlr\2.7.6\antlr-2.7.6.jar;C:\Documents and Settings\Administrador\.m2\repository\commons-collections\commons-collections\3.1\commons-collections-3.1.jar;C:\Documents and Settings\Administrador\.m2\repository\dom4j\dom4j\1.6.1\dom4j-1.6.1.jar;C:\Documents and Settings\Administrador\.m2\repository\xml-apis\xml-apis\1.0.b2\xml-apis-1.0.b2.jar;C:\Documents and Settings\Administrador\.m2\repository\javax\transaction\jta\1.1\jta-1.1.jar;C:\Documents and Settings\Administrador\.m2\repository\org\springframework\spring-core\3.0.5.RELEASE\spring-core-3.0.5.RELEASE.jar;C:\Documents and Settings\Administrador\.m2\repository\org\springframework\spring-asm\3.0.5.RELEASE\spring-asm-3.0.5.RELEASE.jar;C:\Documents and Settings\Administrador\.m2\repository\commons-logging\commons-logging\1.1.1\commons-logging-1.1.1.jar;C:\Documents and Settings\Administrador\.m2\repository\org\springframework\spring-beans\3.0.5.RELEASE\spring-beans-3.0.5.RELEASE.jar;C:\Documents and Settings\Administrador\.m2\repository\org\springframework\spring-webmvc\3.0.5.RELEASE\spring-webmvc-3.0.5.RELEASE.jar;C:\Documents and Settings\Administrador\.m2\repository\org\springframework\spring-context\3.0.5.RELEASE\spring-context-3.0.5.RELEASE.jar;C:\Documents and Settings\Administrador\.m2\repository\org\springframework\spring-aop\3.0.5.RELEASE\spring-aop-3.0.5.RELEASE.jar;C:\Documents and Settings\Administrador\.m2\repository\aopalliance\aopalliance\1.0\aopalliance-1.0.jar;C:\Documents and Settings\Administrador\.m2\repository\org\springframework\spring-expression\3.0.5.RELEASE\spring-expression-3.0.5.RELEASE.jar;C:\Documents and Settings\Administrador\.m2\repository\org\springframework\spring-context-support\3.0.5.RELEASE\spring-context-support-3.0.5.RELEASE.jar;C:\Documents and Settings\Administrador\.m2\repository\org\springframework\spring-web\3.0.5.RELEASE\spring-web-3.0.5.RELEASE.jar;C:\Documents and Settings\Administrador\.m2\repository\org\springframework\spring-orm\3.0.5.RELEASE\spring-orm-3.0.5.RELEASE.jar;C:\Documents and Settings\Administrador\.m2\repository\org\springframework\spring-jdbc\3.0.5.RELEASE\spring-jdbc-3.0.5.RELEASE.jar;C:\Documents and Settings\Administrador\.m2\repository\org\springframework\spring-tx\3.0.5.RELEASE\spring-tx-3.0.5.RELEASE.jar;C:\Documents and Settings\Administrador\.m2\repository\org\springframework\flex\spring-flex\1.0.3.RELEASE\spring-flex-1.0.3.RELEASE.jar;C:\Documents and Settings\Administrador\.m2\repository\backport-util-concurrent\backport-util-concurrent\2.2\backport-util-concurrent-2.2.jar;C:\Documents and Settings\Administrador\.m2\repository\commons-httpclient\commons-httpclient\3.1\commons-httpclient-3.1.jar;C:\Documents and Settings\Administrador\.m2\repository\commons-codec\commons-codec\1.2\commons-codec-1.2.jar;C:\Documents and Settings\Administrador\.m2\repository\com\adobe\blazeds\blazeds-core\3.2.0.3978\blazeds-core-3.2.0.3978.jar;C:\Documents and Settings\Administrador\.m2\repository\com\adobe\blazeds\blazeds-common\3.2.0.3978\blazeds-common-3.2.0.3978.jar;C:\Documents and Settings\Administrador\.m2\repository\com\adobe\blazeds\blazeds-proxy\3.2.0.3978\blazeds-proxy-3.2.0.3978.jar;C:\Documents and Settings\Administrador\.m2\repository\com\adobe\blazeds\blazeds-remoting\3.2.0.3978\blazeds-remoting-3.2.0.3978.jar;C:\Documents and Settings\Administrador\.m2\repository\commons-dbcp\commons-dbcp\1.4\commons-dbcp-1.4.jar;C:\Documents and Settings\Administrador\.m2\repository\commons-pool\commons-pool\1.5.4\commons-pool-1.5.4.jar;C:\Documents and Settings\Administrador\.m2\repository\org\slf4j\slf4j-simple\1.4.2\slf4j-simple-1.4.2.jar;C:\Documents and Settings\Administrador\.m2\repository\com\adobe\blazeds\blazeds-opt\3.2.0.3978\blazeds-opt-3.2.0.3978.jar;C:\Documents and Settings\Administrador\.m2\repository\javassist\javassist\3.12.0.GA\javassist-3.12.0.GA.jar;C:\Documents and Settings\Administrador\.m2\repository\org\springframework\spring-test\3.0.5.RELEASE\spring-test-3.0.5.RELEASE.jar;C:\Documents and Settings\Administrador\.m2\repository\mysql\mysql-connector-java\5.1.15\mysql-connector-java-5.1.15.jar;"/>
    <property name="java.vm.specification.version" value="1.0"/>
    <property name="sun.arch.data.model" value="32"/>
    <property name="java.home" value="C:\Archivos de programa\Java\jdk1.6.0_21\jre"/>
    <property name="java.specification.vendor" value="Sun Microsystems Inc."/>
    <property name="user.language" value="es"/>
    <property name="awt.toolkit" value="sun.awt.windows.WToolkit"/>
    <property name="java.vm.info" value="mixed mode, sharing"/>
    <property name="java.version" value="1.6.0_21"/>
    <property name="java.ext.dirs" value="C:\Archivos de programa\Java\jdk1.6.0_21\jre\lib\ext;C:\WINDOWS\Sun\Java\lib\ext"/>
    <property name="sun.boot.class.path" value="C:\Archivos de programa\Java\jdk1.6.0_21\jre\lib\resources.jar;C:\Archivos de programa\Java\jdk1.6.0_21\jre\lib\rt.jar;C:\Archivos de programa\Java\jdk1.6.0_21\jre\lib\sunrsasign.jar;C:\Archivos de programa\Java\jdk1.6.0_21\jre\lib\jsse.jar;C:\Archivos de programa\Java\jdk1.6.0_21\jre\lib\jce.jar;C:\Archivos de programa\Java\jdk1.6.0_21\jre\lib\charsets.jar;C:\Archivos de programa\Java\jdk1.6.0_21\jre\classes"/>
    <property name="java.vendor" value="Sun Microsystems Inc."/>
    <property name="localRepository" value="C:\Documents and Settings\Administrador\.m2\repository"/>
    <property name="file.separator" value="\"/>
    <property name="java.vendor.url.bug" value="http://java.sun.com/cgi-bin/bugreport.cgi"/>
    <property name="sun.cpu.endian" value="little"/>
    <property name="sun.io.unicode.encoding" value="UnicodeLittle"/>
    <property name="sun.desktop" value="windows"/>
    <property name="sun.cpu.isalist" value="pentium_pro+mmx pentium_pro pentium+mmx pentium i486 i386 i86"/>
  </properties>
  <testcase time="1.912" classname="com.epidataconsulting.metrics.common.MetricServiceTest" name="findAll"/>
  <testcase time="0" classname="com.epidataconsulting.metrics.common.MetricServiceTest" name="save"/>
</testsuite>